<?xml version="1.0" encoding="UTF-8"?>
<!-- Generated by org.testng.reporters.JUnitReportReporter -->
<testsuite hostname="DESKTOP-E5FOM8C" failures="0" tests="2" name="scripts.TestScriptsTest" time="8.432" errors="0" timestamp="2023-02-26T19:47:37 IST" skipped="0">
  <testcase classname="scripts.TestScriptsTest" name="wikipediaValidationTest" time="1.684"/>
  <system-out/>
  <testcase classname="scripts.TestScriptsTest" name="imdbValidationTest" time="6.748"/>
  <system-out/>
</testsuite> <!-- scripts.TestScriptsTest -->
